[11/Jul/2017 12:30:56] "GET /admin/users/user_task/ HTTP/1.1" 200 21736
[11/Jul/2017 12:30:56] "GET /admin/jsi18n/ HTTP/1.1" 200 6774
[11/Jul/2017 12:30:58] "GET /admin/users/user_task/ HTTP/1.1" 200 21736
[11/Jul/2017 12:30:58] "GET /static/grappelli/stylesheets/mueller/grid/output.css HTTP/1.1" 200 36537
[11/Jul/2017 12:30:58] "GET /static/grappelli/jquery/ui/jquery-ui.min.css HTTP/1.1" 200 30163
[11/Jul/2017 12:30:58] "GET /static/grappelli/js/grappelli.min.js HTTP/1.1" 200 25791
[11/Jul/2017 12:30:58] "GET /static/grappelli/jquery/jquery.min.js HTTP/1.1" 200 85659
[11/Jul/2017 12:30:58] "GET /static/grappelli/stylesheets/screen.css HTTP/1.1" 200 162373
[11/Jul/2017 12:30:58] "GET /static/grappelli/jquery/ui/jquery-ui.min.js HTTP/1.1" 200 240427
[11/Jul/2017 12:30:58] "GET /static/admin/js/core.js HTTP/1.1" 200 7976
[11/Jul/2017 12:30:58] "GET /static/admin/js/vendor/jquery/jquery.js HTTP/1.1" 200 69
[11/Jul/2017 12:30:58] "GET /static/admin/js/jquery.init.js HTTP/1.1" 200 69
[11/Jul/2017 12:30:58] "GET /static/admin/js/admin/RelatedObjectLookups.js HTTP/1.1" 200 7351
[11/Jul/2017 12:30:58] "GET /static/admin/js/actions.js HTTP/1.1" 200 6678
[11/Jul/2017 12:30:58] "GET /static/admin/js/urlify.js HTTP/1.1" 200 8186
[11/Jul/2017 12:30:58] "GET /static/admin/js/prepopulate.js HTTP/1.1" 200 1535
[11/Jul/2017 12:30:58] "GET /static/admin/js/vendor/xregexp/xregexp.min.js HTTP/1.1" 200 62474
[11/Jul/2017 12:30:58] "GET /admin/jsi18n/ HTTP/1.1" 200 6774
[11/Jul/2017 12:30:59] "GET /static/grappelli/images/icons-s846f870921.png HTTP/1.1" 200 9306
[11/Jul/2017 12:30:59] "GET /static/grappelli/images/icons/form-select.png HTTP/1.1" 200 289
[11/Jul/2017 12:30:59] "GET /static/grappelli/images/backgrounds/changelist-results.png HTTP/1.1" 200 244
[11/Jul/2017 12:30:59] "GET /favicon.ico HTTP/1.1" 404 3818
Performing system checks...

System check identified no issues (0 silenced).
July 11, 2017 - 12:30:46
Django version 1.9.7, using settings 'config.settings.local'
Starting development server at http://0.0.0.0:8000/
Quit the server with CONTROL-C.
